 make[1] world
 make[2] target/compile
 make[3] -C target/linux compile
 make[2] package/cleanup
 make[2] package/compile
 make[3] -C package/toolchain compile
 make[3] -C package/6in4 compile
 make[3] -C package/libnl-tiny compile
 make[3] -C package/libjson-c compile
 make[3] -C package/lua compile
 make[3] -C package/libubox compile
 make[3] -C package/ubus compile
 make[3] -C package/uci compile
 make[3] -C package/netifd compile
 make[3] -C package/opkg host-compile
 make[3] -C package/base-files compile
 make[3] -C package/ncurses compile
 make[3] -C package/util-linux compile
 make[3] -C package/e2fsprogs compile
 make[3] -C package/ntfs-3g compile
 make[3] -C package/block-mount compile
 make[3] -C package/bridge-utils compile
 make[3] -C package/busybox compile
 make[3] -C package/button-hotplug compile
 make[3] -C package/ebtables compile
 make[3] -C package/iptables compile
 make[3] -C package/libericstools compile
 make[3] -C package/libiptbwctl compile
 make[3] -C package/gargoyle-firewall-util compile
 make[3] -C package/libmnl compile
 make[3] -C package/net/ipset compile
 make[3] -C package/bwmon-gargoyle compile
 make[3] -C package/libpcap compile
 make[3] -C package/linux-atm compile
 make[3] -C package/resolveip compile
 make[3] -C package/ppp compile
 make[3] -C package/comgt compile
 make[3] -C package/cyassl compile
 make[3] -C package/ewget compile
 make[3] -C package/ddns-gargoyle compile
 make[3] -C package/disktype compile
 make[3] -C package/dnsmasq compile
 make[3] -C package/dosfstools compile
 make[3] -C package/dropbear compile
 make[3] -C package/firewall compile
 make[3] -C package/libbbtargz compile
 make[3] -C package/gpkg compile
 make[3] -C package/haserl compile
 make[3] -C package/httpd-gargoyle compile
 make[3] -C package/libs/libnfnetlink compile
 make[3] -C package/net/miniupnpd compile
 make[3] -C package/net/wol compile
 make[3] -C package/iproute2 compile
 make[3] -C package/qos-gargoyle compile
 make[3] -C package/webmon-gargoyle compile
 make[3] -C package/gargoyle compile
 make[3] -C package/hostapd compile
 make[3] -C package/hotplug2 compile
 make[3] -C package/libs/libdaemon compile
 make[3] -C package/ipv6/radvd compile
 make[3] -C package/iw compile
 make[3] -C package/kernel compile
 make[3] -C package/libevent compile
 make[3] -C package/librpc compile
 make[3] -C package/zlib compile
 make[3] -C package/libs/libxml2 compile
 make[3] -C package/libs/tcp_wrappers compile
 make[3] -C package/uclibc++ compile
 make[3] -C package/libusb compile
 make[3] -C package/libs/gettext compile
 make[3] -C package/libs/libiconv compile
 make[3] -C package/libtool compile
 make[3] -C package/lzo compile
 make[3] -C package/mac80211 compile
 make[3] -C package/maccalc compile
 make[3] -C package/mtd compile
 make[3] -C package/ocf-crypto-headers compile
 make[3] -C package/openssl compile
 make[3] -C package/net/aria2 compile
 make[3] -C package/net/dnscrypt-proxy compile
make -r world: build failed. Please re-run make with V=s to see what's going on
make: *** [world] Error 1
 make[1] world
 make[2] target/compile
 make[3] -C target/linux compile
 make[2] package/cleanup
 make[2] package/compile
 make[3] -C package/toolchain compile
 make[3] -C package/6in4 compile
 make[3] -C package/libnl-tiny compile
 make[3] -C package/libjson-c compile
 make[3] -C package/lua compile
 make[3] -C package/libubox compile
 make[3] -C package/ubus compile
 make[3] -C package/uci compile
 make[3] -C package/netifd compile
 make[3] -C package/opkg host-compile
 make[3] -C package/base-files compile
 make[3] -C package/ncurses compile
 make[3] -C package/util-linux compile
 make[3] -C package/e2fsprogs compile
 make[3] -C package/ntfs-3g compile
 make[3] -C package/block-mount compile
 make[3] -C package/bridge-utils compile
 make[3] -C package/busybox compile
 make[3] -C package/button-hotplug compile
 make[3] -C package/ebtables compile
 make[3] -C package/iptables compile
 make[3] -C package/libericstools compile
 make[3] -C package/libiptbwctl compile
 make[3] -C package/gargoyle-firewall-util compile
 make[3] -C package/libmnl compile
 make[3] -C package/net/ipset compile
 make[3] -C package/bwmon-gargoyle compile
 make[3] -C package/libpcap compile
 make[3] -C package/linux-atm compile
 make[3] -C package/resolveip compile
 make[3] -C package/ppp compile
 make[3] -C package/comgt compile
 make[3] -C package/cyassl compile
 make[3] -C package/ewget compile
 make[3] -C package/ddns-gargoyle compile
 make[3] -C package/disktype compile
 make[3] -C package/dnsmasq compile
 make[3] -C package/dosfstools compile
 make[3] -C package/dropbear compile
 make[3] -C package/firewall compile
 make[3] -C package/libbbtargz compile
 make[3] -C package/gpkg compile
 make[3] -C package/haserl compile
 make[3] -C package/httpd-gargoyle compile
 make[3] -C package/libs/libnfnetlink compile
 make[3] -C package/net/miniupnpd compile
 make[3] -C package/net/wol compile
 make[3] -C package/iproute2 compile
 make[3] -C package/qos-gargoyle compile
 make[3] -C package/webmon-gargoyle compile
 make[3] -C package/gargoyle compile
 make[3] -C package/hostapd compile
 make[3] -C package/hotplug2 compile
 make[3] -C package/libs/libdaemon compile
 make[3] -C package/ipv6/radvd compile
 make[3] -C package/iw compile
 make[3] -C package/kernel compile
 make[3] -C package/libevent compile
 make[3] -C package/librpc compile
 make[3] -C package/zlib compile
 make[3] -C package/libs/libxml2 compile
 make[3] -C package/libs/tcp_wrappers compile
 make[3] -C package/uclibc++ compile
 make[3] -C package/libusb compile
 make[3] -C package/libs/gettext compile
 make[3] -C package/libs/libiconv compile
 make[3] -C package/libtool compile
 make[3] -C package/lzo compile
 make[3] -C package/mac80211 compile
 make[3] -C package/maccalc compile
 make[3] -C package/mtd compile
 make[3] -C package/ocf-crypto-headers compile
 make[3] -C package/openssl compile
 make[3] -C package/net/aria2 compile
 make[3] -C package/net/dnscrypt-proxy compile
 make[3] -C package/net/mentohust compile
 make[3] -C package/net/nfs-kernel-server host-compile
 make[3] -C package/net/portmap compile
 make[3] -C package/net/nfs-kernel-server compile
 make[3] -C package/net/openvpn compile
 make[3] -C package/net/p910nd compile
 make[3] -C package/libreadline compile
 make[3] -C package/net/samba36 compile
 make[3] -C package/net/vsftpd compile
 make[3] -C package/opkg compile
 make[3] -C package/plugin-gargoyle-logread compile
 make[3] -C package/utils/zip compile
 make[3] -C package/plugin-gargoyle-openvpn compile
 make[3] -C package/plugin-gargoyle-ping-watchdog compile
 make[3] -C package/plugin-gargoyle-theme-dark-one compile
 make[3] -C package/plugin-gargoyle-theme-xeye compile
 make[3] -C package/plugin-gargoyle-usb-printer compile
 make[3] -C package/share-users compile
 make[3] -C package/sierra-directip compile
 make[3] -C package/utils/usb-modeswitch compile
 make[3] -C package/usb-modeswitch-data compile
 make[3] -C package/plugin-gargoyle-usb-storage compile
 make[3] -C package/plugin-gargoyle-webshell compile
 make[3] -C package/wireless-tools compile
 make[3] -C package/plugin-gargoyle-wifi-schedule compile
 make[3] -C package/swconfig compile
 make[2] package/install
 make[3] -C package/6in4 install
 make[3] -C package/block-mount install
 make[3] -C package/bridge-utils install
 make[3] -C package/busybox install
 make[3] -C package/button-hotplug install
 make[3] -C package/bwmon-gargoyle install
 make[3] -C package/comgt install
 make[3] -C package/cyassl install
 make[3] -C package/ddns-gargoyle install
 make[3] -C package/disktype install
 make[3] -C package/dnsmasq install
 make[3] -C package/dosfstools install
 make[3] -C package/dropbear install
 make[3] -C package/e2fsprogs install
 make[3] -C package/ebtables install
 make[3] -C package/ewget install
 make[3] -C package/firewall install
 make[3] -C package/gargoyle install
 make[3] -C package/gargoyle-firewall-util install
 make[3] -C package/gpkg install
 make[3] -C package/haserl install
 make[3] -C package/hostapd install
 make[3] -C package/hotplug2 install
 make[3] -C package/httpd-gargoyle install
 make[3] -C package/iproute2 install
 make[3] -C package/iptables install
 make[3] -C package/ipv6/radvd install
 make[3] -C package/iw install
 make[3] -C package/kernel install
 make[3] -C package/libbbtargz install
 make[3] -C package/libericstools install
 make[3] -C package/libevent install
 make[3] -C package/libiptbwctl install
 make[3] -C package/libjson-c install
 make[3] -C package/libmnl install
 make[3] -C package/libnl-tiny install
 make[3] -C package/libpcap install
 make[3] -C package/librpc install
 make[3] -C package/libs/libdaemon install
 make[3] -C package/libs/libnfnetlink install
 make[3] -C package/libs/libxml2 install
 make[3] -C package/libs/tcp_wrappers install
 make[3] -C package/libubox install
 make[3] -C package/libusb install
 make[3] -C package/lzo install
 make[3] -C package/mac80211 install
 make[3] -C package/maccalc install
 make[3] -C package/mtd install
 make[3] -C package/net/aria2 install
 make[3] -C package/net/dnscrypt-proxy install
 make[3] -C package/net/ipset install
 make[3] -C package/net/mentohust install
 make[3] -C package/net/miniupnpd install
 make[3] -C package/net/nfs-kernel-server install
 make[3] -C package/net/openvpn install
 make[3] -C package/net/p910nd install
 make[3] -C package/net/portmap install
 make[3] -C package/net/samba36 install
 make[3] -C package/net/vsftpd install
 make[3] -C package/net/wol install
 make[3] -C package/netifd install
 make[3] -C package/ntfs-3g install
 make[3] -C package/openssl install
 make[3] -C package/opkg install
 make[3] -C package/plugin-gargoyle-logread install
 make[3] -C package/plugin-gargoyle-openvpn install
 make[3] -C package/plugin-gargoyle-ping-watchdog install
 make[3] -C package/plugin-gargoyle-theme-dark-one install
 make[3] -C package/plugin-gargoyle-theme-xeye install
 make[3] -C package/plugin-gargoyle-usb-printer install
 make[3] -C package/plugin-gargoyle-usb-storage install
 make[3] -C package/plugin-gargoyle-webshell install
 make[3] -C package/plugin-gargoyle-wifi-schedule install
 make[3] -C package/ppp install
 make[3] -C package/qos-gargoyle install
 make[3] -C package/share-users install
 make[3] -C package/sierra-directip install
 make[3] -C package/swconfig install
 make[3] -C package/toolchain install
 make[3] -C package/ubus install
 make[3] -C package/uci install
 make[3] -C package/usb-modeswitch-data install
 make[3] -C package/util-linux install
 make[3] -C package/utils/usb-modeswitch install
 make[3] -C package/utils/zip install
 make[3] -C package/webmon-gargoyle install
 make[3] -C package/wireless-tools install
 make[3] -C package/zlib install
 make[3] -C package/base-files install
 make[2] package/rootfs-prepare
 make[3] package/preconfig
 make[2] target/install
 make[3] -C target/linux install
 make[3] -C target/sdk install
 make[2] package/index
